1652213328742	geckodriver	INFO	Listening on 127.0.0.1:57431
1652213331823	mozrunner::runner	INFO	Running command: "C:\\Program Files\\Mozilla Firefox\\firefox.exe" "--marionette" "--remote-debugging-port" "57432" "--remote-allow-hosts" "localhost" "-no-remote" "-profile" "C:\\Users\\Uber\\AppData\\Local\\Temp\\rust_mozprofile3jkqaU"
1652213332805	Marionette	INFO	Marionette enabled
console.warn: SearchSettings: "get: No settings file exists, new profile?" (new NotFoundError("Could not open the file at C:\\Users\\Uber\\AppData\\Local\\Temp\\rust_mozprofile3jkqaU\\search.json.mozlz4", (void 0)))
DevTools listening on ws://localhost:57432/devtools/browser/ca6e6126-63d5-436f-9d0a-abd2f8d4630f
1652213335425	Marionette	INFO	Listening on port 57461
Read port: 57461
1652213335492	RemoteAgent	WARN	TLS certificate errors will be ignored for this session
JavaScript warning: https://mc.yandex.ru/metrika/tag.js, line 18: WEBGL_debug_renderer_info is deprecated in Firefox and will be removed. Please use RENDERER.
1652213344184	Marionette	INFO	Stopped listening on port 57461

###!!! [Child][PContentChild] Error: RunMessage(msgname=PHttpChannel::Msg_DeleteSelf) Channel closing: too late to send/recv, messages will be lost

console.warn: TopSitesFeed: Failed to fetch data from Contile server: NetworkError when attempting to fetch resource.
JavaScript error: chrome://remote/content/marionette/cert.js, line 55: NS_ERROR_NOT_AVAILABLE: Component returned failure code: 0x80040111 (NS_ERROR_NOT_AVAILABLE) [nsICertOverrideService.setDisableAllSecurityChecksAndLetAttackersInterceptMyData]
1652399223893	geckodriver	INFO	Listening on 127.0.0.1:58310
1652399226887	mozrunner::runner	INFO	Running command: "C:\\Program Files\\Mozilla Firefox\\firefox.exe" "--marionette" "--remote-debugging-port" "58311" "--remote-allow-hosts" "localhost" "-no-remote" "-profile" "C:\\Users\\Uber\\AppData\\Local\\Temp\\rust_mozprofileH1wCsK"
1652399228012	Marionette	INFO	Marionette enabled
console.warn: SearchSettings: "get: No settings file exists, new profile?" (new NotFoundError("Could not open the file at C:\\Users\\Uber\\AppData\\Local\\Temp\\rust_mozprofileH1wCsK\\search.json.mozlz4", (void 0)))
DevTools listening on ws://localhost:58311/devtools/browser/e5861b5b-0fdb-4308-9935-9bd10dbefa82
1652399230889	Marionette	INFO	Listening on port 58344
Read port: 58344
1652399230993	RemoteAgent	WARN	TLS certificate errors will be ignored for this session
1652399231161	Marionette	INFO	Stopped listening on port 58344
Marionette threw an error: NotFoundError: WindowGlobalParent.getActor: No such JSWindowActor 'MarionetteCommands'
getMarionetteCommandsActorProxy/get/<@chrome://remote/content/marionette/actors/MarionetteCommandsParent.jsm:332:65
unregisterCommandsActor@chrome://remote/content/marionette/actors/MarionetteCommandsParent.jsm:396:15
GeckoDriver.prototype.deleteSession@chrome://remote/content/marionette/driver.js:2132:3
onClosed@chrome://remote/content/marionette/server.js:209:17
close@chrome://remote/content/marionette/transport.js:221:18
onInputStreamReady@chrome://remote/content/marionette/transport.js:375:14

JavaScript error: chrome://remote/content/marionette/cert.js, line 55: NS_ERROR_NOT_AVAILABLE: Component returned failure code: 0x80040111 (NS_ERROR_NOT_AVAILABLE) [nsICertOverrideService.setDisableAllSecurityChecksAndLetAttackersInterceptMyData]
JavaScript error: chrome://remote/content/marionette/driver.js, line 2125: NS_ERROR_ILLEGAL_VALUE: Component returned failure code: 0x80070057 (NS_ERROR_ILLEGAL_VALUE) [nsIObserverService.removeObserver]
